<?xml version="1.0" encoding="UTF-8"?>
<testsuite xmlns:xsi="http://www.w3.org/2001/XMLSchema-instance" xsi:noNamespaceSchemaLocation="https://maven.apache.org/surefire/maven-failsafe-plugin/xsd/failsafe-test-report.xsd" name="com.amazonaws.handler.CreateOrderHandlerIT" time="7.067" tests="1" errors="0" skipped="0" failures="0">
  <properties>
    <property name="gopherProxySet" value="false"/>
    <property name="awt.toolkit" value="sun.lwawt.macosx.LWCToolkit"/>
    <property name="file.encoding.pkg" value="sun.io"/>
    <property name="java.specification.version" value="1.8"/>
    <property name="sun.cpu.isalist" value=""/>
    <property name="sun.jnu.encoding" value="UTF-8"/>
    <property name="java.class.path" value="/Users/poprahul/workspace/aws-sam-java-rest/target/test-classes:/Users/poprahul/workspace/aws-sam-java-rest/target/aws-sam-java-rest-1.0.0.jar:/Users/poprahul/.m2/repository/com/amazonaws/aws-lambda-java-core/1.1.0/aws-lambda-java-core-1.1.0.jar:/Users/poprahul/.m2/repository/software/amazon/awssdk/dynamodb/2.0.0-preview-11/dynamodb-2.0.0-preview-11.jar:/Users/poprahul/.m2/repository/software/amazon/awssdk/sdk-core/2.0.0-preview-11/sdk-core-2.0.0-preview-11.jar:/Users/poprahul/.m2/repository/software/amazon/ion/ion-java/1.2.0/ion-java-1.2.0.jar:/Users/poprahul/.m2/repository/com/fasterxml/jackson/core/jackson-core/2.9.6/jackson-core-2.9.6.jar:/Users/poprahul/.m2/repository/com/fasterxml/jackson/core/jackson-databind/2.9.6/jackson-databind-2.9.6.jar:/Users/poprahul/.m2/repository/com/fasterxml/jackson/dataformat/jackson-dataformat-cbor/2.9.6/jackson-dataformat-cbor-2.9.6.jar:/Users/poprahul/.m2/repository/org/reactivestreams/reactive-streams/1.0.2/reactive-streams-1.0.2.jar:/Users/poprahul/.m2/repository/software/amazon/awssdk/auth/2.0.0-preview-11/auth-2.0.0-preview-11.jar:/Users/poprahul/.m2/repository/software/amazon/awssdk/profiles/2.0.0-preview-11/profiles-2.0.0-preview-11.jar:/Users/poprahul/.m2/repository/software/amazon/awssdk/http-client-spi/2.0.0-preview-11/http-client-spi-2.0.0-preview-11.jar:/Users/poprahul/.m2/repository/software/amazon/awssdk/regions/2.0.0-preview-11/regions-2.0.0-preview-11.jar:/Users/poprahul/.m2/repository/com/fasterxml/jackson/core/jackson-annotations/2.9.6/jackson-annotations-2.9.6.jar:/Users/poprahul/.m2/repository/com/fasterxml/jackson/jr/jackson-jr-objects/2.9.6/jackson-jr-objects-2.9.6.jar:/Users/poprahul/.m2/repository/software/amazon/awssdk/annotations/2.0.0-preview-11/annotations-2.0.0-preview-11.jar:/Users/poprahul/.m2/repository/software/amazon/awssdk/utils/2.0.0-preview-11/utils-2.0.0-preview-11.jar:/Users/poprahul/.m2/repository/software/amazon/awssdk/aws-core/2.0.0-preview-11/aws-core-2.0.0-preview-11.jar:/Users/poprahul/.m2/repository/software/amazon/awssdk/netty-nio-client/2.0.0-preview-11/netty-nio-client-2.0.0-preview-11.jar:/Users/poprahul/.m2/repository/io/netty/netty-codec-http/4.1.26.Final/netty-codec-http-4.1.26.Final.jar:/Users/poprahul/.m2/repository/io/netty/netty-codec/4.1.26.Final/netty-codec-4.1.26.Final.jar:/Users/poprahul/.m2/repository/io/netty/netty-transport/4.1.26.Final/netty-transport-4.1.26.Final.jar:/Users/poprahul/.m2/repository/io/netty/netty-resolver/4.1.26.Final/netty-resolver-4.1.26.Final.jar:/Users/poprahul/.m2/repository/io/netty/netty-common/4.1.26.Final/netty-common-4.1.26.Final.jar:/Users/poprahul/.m2/repository/io/netty/netty-buffer/4.1.26.Final/netty-buffer-4.1.26.Final.jar:/Users/poprahul/.m2/repository/io/netty/netty-handler/4.1.26.Final/netty-handler-4.1.26.Final.jar:/Users/poprahul/.m2/repository/io/netty/netty-transport-native-epoll/4.1.26.Final/netty-transport-native-epoll-4.1.26.Final-linux-x86_64.jar:/Users/poprahul/.m2/repository/io/netty/netty-transport-native-unix-common/4.1.26.Final/netty-transport-native-unix-common-4.1.26.Final.jar:/Users/poprahul/.m2/repository/com/typesafe/netty/netty-reactive-streams-http/2.0.0/netty-reactive-streams-http-2.0.0.jar:/Users/poprahul/.m2/repository/com/typesafe/netty/netty-reactive-streams/2.0.0/netty-reactive-streams-2.0.0.jar:/Users/poprahul/.m2/repository/software/amazon/awssdk/apache-client/2.0.0-preview-11/apache-client-2.0.0-preview-11.jar:/Users/poprahul/.m2/repository/org/slf4j/slf4j-api/1.7.25/slf4j-api-1.7.25.jar:/Users/poprahul/.m2/repository/org/apache/httpcomponents/httpclient/4.5.5/httpclient-4.5.5.jar:/Users/poprahul/.m2/repository/commons-logging/commons-logging/1.2/commons-logging-1.2.jar:/Users/poprahul/.m2/repository/commons-codec/commons-codec/1.10/commons-codec-1.10.jar:/Users/poprahul/.m2/repository/org/apache/httpcomponents/httpcore/4.4.10/httpcore-4.4.10.jar:/Users/poprahul/.m2/repository/com/google/dagger/dagger/2.16/dagger-2.16.jar:/Users/poprahul/.m2/repository/javax/inject/javax.inject/1/javax.inject-1.jar:/Users/poprahul/.m2/repository/org/projectlombok/lombok/1.18.2/lombok-1.18.2.jar:/Users/poprahul/.m2/repository/junit/junit/4.12/junit-4.12.jar:/Users/poprahul/.m2/repository/org/hamcrest/hamcrest-core/1.3/hamcrest-core-1.3.jar:/Users/poprahul/.m2/repository/org/mockito/mockito-all/2.0.2-beta/mockito-all-2.0.2-beta.jar:/Users/poprahul/.m2/repository/com/amazonaws/aws-java-sdk-dynamodb/1.11.380/aws-java-sdk-dynamodb-1.11.380.jar:/Users/poprahul/.m2/repository/com/amazonaws/aws-java-sdk-s3/1.11.380/aws-java-sdk-s3-1.11.380.jar:/Users/poprahul/.m2/repository/com/amazonaws/aws-java-sdk-kms/1.11.380/aws-java-sdk-kms-1.11.380.jar:/Users/poprahul/.m2/repository/com/amazonaws/aws-java-sdk-core/1.11.380/aws-java-sdk-core-1.11.380.jar:/Users/poprahul/.m2/repository/joda-time/joda-time/2.8.1/joda-time-2.8.1.jar:/Users/poprahul/.m2/repository/com/amazonaws/jmespath-java/1.11.380/jmespath-java-1.11.380.jar:"/>
    <property name="java.vm.vendor" value="Oracle Corporation"/>
    <property name="sun.arch.data.model" value="64"/>
    <property name="java.vendor.url" value="http://java.oracle.com/"/>
    <property name="user.timezone" value=""/>
    <property name="java.vm.specification.version" value="1.8"/>
    <property name="os.name" value="Mac OS X"/>
    <property name="user.country" value="US"/>
    <property name="sun.java.launcher" value="SUN_STANDARD"/>
    <property name="sun.boot.library.path" value="/Library/Java/JavaVirtualMachines/jdk1.8.0_231.jdk/Contents/Home/jre/lib"/>
    <property name="CONTEXT_KEY_PREVIOUSLY_PULLED" value="{&quot;amazon/dynamodb-local:1.11.119&quot;:true}"/>
    <property name="sun.java.command" value="/Users/poprahul/workspace/aws-sam-java-rest/target/surefire/surefirebooter7798463630371375938.jar /Users/poprahul/workspace/aws-sam-java-rest/target/surefire 2020-02-16T01-18-00_223-jvmRun1 surefire2842371686805184809tmp surefire_0394651515639616924tmp"/>
    <property name="surefire.test.class.path" value="/Users/poprahul/workspace/aws-sam-java-rest/target/test-classes:/Users/poprahul/workspace/aws-sam-java-rest/target/aws-sam-java-rest-1.0.0.jar:/Users/poprahul/.m2/repository/com/amazonaws/aws-lambda-java-core/1.1.0/aws-lambda-java-core-1.1.0.jar:/Users/poprahul/.m2/repository/software/amazon/awssdk/dynamodb/2.0.0-preview-11/dynamodb-2.0.0-preview-11.jar:/Users/poprahul/.m2/repository/software/amazon/awssdk/sdk-core/2.0.0-preview-11/sdk-core-2.0.0-preview-11.jar:/Users/poprahul/.m2/repository/software/amazon/ion/ion-java/1.2.0/ion-java-1.2.0.jar:/Users/poprahul/.m2/repository/com/fasterxml/jackson/core/jackson-core/2.9.6/jackson-core-2.9.6.jar:/Users/poprahul/.m2/repository/com/fasterxml/jackson/core/jackson-databind/2.9.6/jackson-databind-2.9.6.jar:/Users/poprahul/.m2/repository/com/fasterxml/jackson/dataformat/jackson-dataformat-cbor/2.9.6/jackson-dataformat-cbor-2.9.6.jar:/Users/poprahul/.m2/repository/org/reactivestreams/reactive-streams/1.0.2/reactive-streams-1.0.2.jar:/Users/poprahul/.m2/repository/software/amazon/awssdk/auth/2.0.0-preview-11/auth-2.0.0-preview-11.jar:/Users/poprahul/.m2/repository/software/amazon/awssdk/profiles/2.0.0-preview-11/profiles-2.0.0-preview-11.jar:/Users/poprahul/.m2/repository/software/amazon/awssdk/http-client-spi/2.0.0-preview-11/http-client-spi-2.0.0-preview-11.jar:/Users/poprahul/.m2/repository/software/amazon/awssdk/regions/2.0.0-preview-11/regions-2.0.0-preview-11.jar:/Users/poprahul/.m2/repository/com/fasterxml/jackson/core/jackson-annotations/2.9.6/jackson-annotations-2.9.6.jar:/Users/poprahul/.m2/repository/com/fasterxml/jackson/jr/jackson-jr-objects/2.9.6/jackson-jr-objects-2.9.6.jar:/Users/poprahul/.m2/repository/software/amazon/awssdk/annotations/2.0.0-preview-11/annotations-2.0.0-preview-11.jar:/Users/poprahul/.m2/repository/software/amazon/awssdk/utils/2.0.0-preview-11/utils-2.0.0-preview-11.jar:/Users/poprahul/.m2/repository/software/amazon/awssdk/aws-core/2.0.0-preview-11/aws-core-2.0.0-preview-11.jar:/Users/poprahul/.m2/repository/software/amazon/awssdk/netty-nio-client/2.0.0-preview-11/netty-nio-client-2.0.0-preview-11.jar:/Users/poprahul/.m2/repository/io/netty/netty-codec-http/4.1.26.Final/netty-codec-http-4.1.26.Final.jar:/Users/poprahul/.m2/repository/io/netty/netty-codec/4.1.26.Final/netty-codec-4.1.26.Final.jar:/Users/poprahul/.m2/repository/io/netty/netty-transport/4.1.26.Final/netty-transport-4.1.26.Final.jar:/Users/poprahul/.m2/repository/io/netty/netty-resolver/4.1.26.Final/netty-resolver-4.1.26.Final.jar:/Users/poprahul/.m2/repository/io/netty/netty-common/4.1.26.Final/netty-common-4.1.26.Final.jar:/Users/poprahul/.m2/repository/io/netty/netty-buffer/4.1.26.Final/netty-buffer-4.1.26.Final.jar:/Users/poprahul/.m2/repository/io/netty/netty-handler/4.1.26.Final/netty-handler-4.1.26.Final.jar:/Users/poprahul/.m2/repository/io/netty/netty-transport-native-epoll/4.1.26.Final/netty-transport-native-epoll-4.1.26.Final-linux-x86_64.jar:/Users/poprahul/.m2/repository/io/netty/netty-transport-native-unix-common/4.1.26.Final/netty-transport-native-unix-common-4.1.26.Final.jar:/Users/poprahul/.m2/repository/com/typesafe/netty/netty-reactive-streams-http/2.0.0/netty-reactive-streams-http-2.0.0.jar:/Users/poprahul/.m2/repository/com/typesafe/netty/netty-reactive-streams/2.0.0/netty-reactive-streams-2.0.0.jar:/Users/poprahul/.m2/repository/software/amazon/awssdk/apache-client/2.0.0-preview-11/apache-client-2.0.0-preview-11.jar:/Users/poprahul/.m2/repository/org/slf4j/slf4j-api/1.7.25/slf4j-api-1.7.25.jar:/Users/poprahul/.m2/repository/org/apache/httpcomponents/httpclient/4.5.5/httpclient-4.5.5.jar:/Users/poprahul/.m2/repository/commons-logging/commons-logging/1.2/commons-logging-1.2.jar:/Users/poprahul/.m2/repository/commons-codec/commons-codec/1.10/commons-codec-1.10.jar:/Users/poprahul/.m2/repository/org/apache/httpcomponents/httpcore/4.4.10/httpcore-4.4.10.jar:/Users/poprahul/.m2/repository/com/google/dagger/dagger/2.16/dagger-2.16.jar:/Users/poprahul/.m2/repository/javax/inject/javax.inject/1/javax.inject-1.jar:/Users/poprahul/.m2/repository/org/projectlombok/lombok/1.18.2/lombok-1.18.2.jar:/Users/poprahul/.m2/repository/junit/junit/4.12/junit-4.12.jar:/Users/poprahul/.m2/repository/org/hamcrest/hamcrest-core/1.3/hamcrest-core-1.3.jar:/Users/poprahul/.m2/repository/org/mockito/mockito-all/2.0.2-beta/mockito-all-2.0.2-beta.jar:/Users/poprahul/.m2/repository/com/amazonaws/aws-java-sdk-dynamodb/1.11.380/aws-java-sdk-dynamodb-1.11.380.jar:/Users/poprahul/.m2/repository/com/amazonaws/aws-java-sdk-s3/1.11.380/aws-java-sdk-s3-1.11.380.jar:/Users/poprahul/.m2/repository/com/amazonaws/aws-java-sdk-kms/1.11.380/aws-java-sdk-kms-1.11.380.jar:/Users/poprahul/.m2/repository/com/amazonaws/aws-java-sdk-core/1.11.380/aws-java-sdk-core-1.11.380.jar:/Users/poprahul/.m2/repository/joda-time/joda-time/2.8.1/joda-time-2.8.1.jar:/Users/poprahul/.m2/repository/com/amazonaws/jmespath-java/1.11.380/jmespath-java-1.11.380.jar:"/>
    <property name="sun.cpu.endian" value="little"/>
    <property name="user.home" value="/Users/poprahul"/>
    <property name="user.language" value="en"/>
    <property name="java.specification.vendor" value="Oracle Corporation"/>
    <property name="java.home" value="/Library/Java/JavaVirtualMachines/jdk1.8.0_231.jdk/Contents/Home/jre"/>
    <property name="basedir" value="/Users/poprahul/workspace/aws-sam-java-rest"/>
    <property name="file.separator" value="/"/>
    <property name="line.separator" value="&#10;"/>
    <property name="java.vm.specification.vendor" value="Oracle Corporation"/>
    <property name="java.specification.name" value="Java Platform API Specification"/>
    <property name="java.awt.graphicsenv" value="sun.awt.CGraphicsEnvironment"/>
    <property name="surefire.real.class.path" value="/Users/poprahul/workspace/aws-sam-java-rest/target/surefire/surefirebooter7798463630371375938.jar:/Users/poprahul/.m2/repository/org/jacoco/org.jacoco.agent/0.8.1/org.jacoco.agent-0.8.1-runtime.jar"/>
    <property name="sun.boot.class.path" value="/Library/Java/JavaVirtualMachines/jdk1.8.0_231.jdk/Contents/Home/jre/lib/resources.jar:/Library/Java/JavaVirtualMachines/jdk1.8.0_231.jdk/Contents/Home/jre/lib/rt.jar:/Library/Java/JavaVirtualMachines/jdk1.8.0_231.jdk/Contents/Home/jre/lib/sunrsasign.jar:/Library/Java/JavaVirtualMachines/jdk1.8.0_231.jdk/Contents/Home/jre/lib/jsse.jar:/Library/Java/JavaVirtualMachines/jdk1.8.0_231.jdk/Contents/Home/jre/lib/jce.jar:/Library/Java/JavaVirtualMachines/jdk1.8.0_231.jdk/Contents/Home/jre/lib/charsets.jar:/Library/Java/JavaVirtualMachines/jdk1.8.0_231.jdk/Contents/Home/jre/lib/jfr.jar:/Library/Java/JavaVirtualMachines/jdk1.8.0_231.jdk/Contents/Home/jre/classes"/>
    <property name="sun.management.compiler" value="HotSpot 64-Bit Tiered Compilers"/>
    <property name="java.runtime.version" value="1.8.0_231-b11"/>
    <property name="user.name" value="poprahul"/>
    <property name="path.separator" value=":"/>
    <property name="os.version" value="10.14.6"/>
    <property name="java.endorsed.dirs" value="/Library/Java/JavaVirtualMachines/jdk1.8.0_231.jdk/Contents/Home/jre/lib/endorsed"/>
    <property name="java.runtime.name" value="Java(TM) SE Runtime Environment"/>
    <property name="file.encoding" value="UTF-8"/>
    <property name="java.vm.name" value="Java HotSpot(TM) 64-Bit Server VM"/>
    <property name="localRepository" value="/Users/poprahul/.m2/repository"/>
    <property name="java.vendor.url.bug" value="http://bugreport.sun.com/bugreport/"/>
    <property name="java.io.tmpdir" value="/var/folders/cq/tlnsysy17sjc7ktxzfhdczl1kz_fq7/T/"/>
    <property name="java.version" value="1.8.0_231"/>
    <property name="user.dir" value="/Users/poprahul/workspace/aws-sam-java-rest"/>
    <property name="os.arch" value="x86_64"/>
    <property name="java.vm.specification.name" value="Java Virtual Machine Specification"/>
    <property name="java.awt.printerjob" value="sun.lwawt.macosx.CPrinterJob"/>
    <property name="sun.os.patch.level" value="unknown"/>
    <property name="idea.version2019.3.3" value="true"/>
    <property name="java.library.path" value="/Users/poprahul/Library/Java/Extensions:/Library/Java/Extensions:/Network/Library/Java/Extensions:/System/Library/Java/Extensions:/usr/lib/java:."/>
    <property name="java.vm.info" value="mixed mode"/>
    <property name="java.vendor" value="Oracle Corporation"/>
    <property name="java.vm.version" value="25.231-b11"/>
    <property name="java.ext.dirs" value="/Users/poprahul/Library/Java/Extensions:/Library/Java/JavaVirtualMachines/jdk1.8.0_231.jdk/Contents/Home/jre/lib/ext:/Library/Java/Extensions:/Network/Library/Java/Extensions:/System/Library/Java/Extensions:/usr/lib/java"/>
    <property name="sun.io.unicode.encoding" value="UnicodeBig"/>
    <property name="java.class.version" value="52.0"/>
  </properties>
  <testcase name="handleRequest_whenCreateOrderInputStreamOk_puts200InOutputStream" classname="com.amazonaws.handler.CreateOrderHandlerIT" time="5.122"/>
</testsuite>